<?xml version="1.0" encoding="UTF-8"?>
<!-- Generated by org.testng.reporters.JUnitXMLReporter -->
<testsuite ignored="0" hostname="L-4080" failures="1" tests="5" name="Test2" time="37.609" errors="0" timestamp="2022-09-26T22:13:44 IST">
  <testcase classname="com.matrices.qa.pagetest.LandingPageTest" name="searchContentTest" time="6.506"/>
  <testcase classname="com.matrices.qa.pagetest.LandingPageTest" name="gotoNewPageTest" time="0.108"/>
  <testcase classname="com.matrices.qa.pagetest.LandingPageTest" name="validateLogoTest" time="0.028">
    <failure type="java.lang.AssertionError" message="expected [Convert Word to PDF. Documents DOC to PDF] but found [WORD TO PDF - Google Search]">
      <![CDATA[java.lang.AssertionError: expected [Convert Word to PDF. Documents DOC to PDF] but found [WORD TO PDF - Google Search]
at com.matrices.qa.pagetest.LandingPageTest.validateLogoTest(LandingPageTest.java:49)
at java.base/java.util.ArrayList.forEach(ArrayList.java:1511)
... Removed 33 stack frames]]>
    </failure>
  </testcase> <!-- validateLogoTest -->
  <testcase classname="com.matrices.qa.pagetest.LandingPageTest" name="uploadFileTest" time="21.667"/>
  <testcase classname="com.matrices.qa.pagetest.LandingPageTest" name="downloadFileTest" time="0.002"/>
</testsuite> <!-- Test2 -->
